This is pdfTeX, Version 3.14159265-2.6-1.40.17 (TeX Live 2016/Debian) (preloaded format=pdflatex 2017.10.6)  27 DEC 2017 20:02
entering extended mode
 restricted \write18 enabled.
 %&-line parsing enabled.
**paper.tex
(./paper.tex
LaTeX2e <2017/01/01> patch level 3
Babel <3.9r> and hyphenation patterns for 83 language(s) loaded.
(./IEEEtran.cls
Document Class: IEEEtran 2012/12/27 V1.8 by Michael Shell
-- See the "IEEEtran_HOWTO" manual for usage information.
-- http://www.michaelshell.org/tex/ieeetran/
\@IEEEtrantmpdimenA=\dimen102
\@IEEEtrantmpdimenB=\dimen103
\@IEEEtrantmpcountA=\count79
\@IEEEtrantmpcountB=\count80
\@IEEEtrantmptoksA=\toks14
-- Using IEEE Computer Society mode.
LaTeX Font Info:    Try loading font information for OT1+ppl on input line 368.

(/usr/share/texlive/texmf-dist/tex/latex/psnfss/ot1ppl.fd
File: ot1ppl.fd 2001/06/04 font definitions for OT1/ppl.
)
-- Using 8.5in x 11in (letter) paper.
-- Using PDF output.
\@IEEEnormalsizeunitybaselineskip=\dimen104
-- This is a 12 point document.
\CLASSINFOnormalsizebaselineskip=\dimen105
\CLASSINFOnormalsizeunitybaselineskip=\dimen106
\IEEEnormaljot=\dimen107
LaTeX Font Info:    Font shape `OT1/ppl/bx/n' in size <6> not available
(Font)              Font shape `OT1/ppl/b/n' tried instead on input line 726.
LaTeX Font Info:    Font shape `OT1/ppl/bx/it' in size <6> not available
(Font)              Font shape `OT1/ppl/b/it' tried instead on input line 726.
LaTeX Font Info:    Font shape `OT1/ppl/bx/n' in size <8> not available
(Font)              Font shape `OT1/ppl/b/n' tried instead on input line 726.
LaTeX Font Info:    Font shape `OT1/ppl/bx/it' in size <8> not available
(Font)              Font shape `OT1/ppl/b/it' tried instead on input line 726.
LaTeX Font Info:    Font shape `OT1/ppl/bx/n' in size <9> not available
(Font)              Font shape `OT1/ppl/b/n' tried instead on input line 726.
LaTeX Font Info:    Font shape `OT1/ppl/bx/it' in size <9> not available
(Font)              Font shape `OT1/ppl/b/it' tried instead on input line 726.
LaTeX Font Info:    Font shape `OT1/ppl/bx/n' in size <10> not available
(Font)              Font shape `OT1/ppl/b/n' tried instead on input line 726.
LaTeX Font Info:    Font shape `OT1/ppl/bx/it' in size <10> not available
(Font)              Font shape `OT1/ppl/b/it' tried instead on input line 726.
LaTeX Font Info:    Font shape `OT1/ppl/bx/n' in size <12> not available
(Font)              Font shape `OT1/ppl/b/n' tried instead on input line 726.
LaTeX Font Info:    Font shape `OT1/ppl/bx/it' in size <12> not available
(Font)              Font shape `OT1/ppl/b/it' tried instead on input line 726.
LaTeX Font Info:    Font shape `OT1/ppl/bx/n' in size <14> not available
(Font)              Font shape `OT1/ppl/b/n' tried instead on input line 726.
LaTeX Font Info:    Font shape `OT1/ppl/bx/it' in size <14> not available
(Font)              Font shape `OT1/ppl/b/it' tried instead on input line 726.
LaTeX Font Info:    Font shape `OT1/ppl/bx/n' in size <20> not available
(Font)              Font shape `OT1/ppl/b/n' tried instead on input line 726.
LaTeX Font Info:    Font shape `OT1/ppl/bx/it' in size <20> not available
(Font)              Font shape `OT1/ppl/b/it' tried instead on input line 726.
LaTeX Font Info:    Font shape `OT1/ppl/bx/n' in size <22> not available
(Font)              Font shape `OT1/ppl/b/n' tried instead on input line 726.
LaTeX Font Info:    Font shape `OT1/ppl/bx/it' in size <22> not available
(Font)              Font shape `OT1/ppl/b/it' tried instead on input line 726.
LaTeX Font Info:    Font shape `OT1/ppl/bx/n' in size <24> not available
(Font)              Font shape `OT1/ppl/b/n' tried instead on input line 726.
LaTeX Font Info:    Font shape `OT1/ppl/bx/it' in size <24> not available
(Font)              Font shape `OT1/ppl/b/it' tried instead on input line 726.
\IEEEilabelindentA=\dimen108
\IEEEilabelindentB=\dimen109
\IEEEilabelindent=\dimen110
\IEEEelabelindent=\dimen111
\IEEEdlabelindent=\dimen112
\IEEElabelindent=\dimen113
\IEEEiednormlabelsep=\dimen114
\IEEEiedmathlabelsep=\dimen115
\IEEEiedtopsep=\skip41
\c@section=\count81
\c@subsection=\count82
\c@subsubsection=\count83
\c@paragraph=\count84
\c@IEEEsubequation=\count85
\abovecaptionskip=\skip42
\belowcaptionskip=\skip43
\c@figure=\count86
\c@table=\count87
\@IEEEeqnnumcols=\count88
\@IEEEeqncolcnt=\count89
\@IEEEsubeqnnumrollback=\count90
\@IEEEtmpitemindent=\dimen116
\c@IEEEbiography=\count91
\@IEEEtranrubishbin=\box26
) (/usr/share/texlive/texmf-dist/tex/latex/graphics/graphicx.sty
Package: graphicx 2014/10/28 v1.0g Enhanced LaTeX Graphics (DPC,SPQR)

(/usr/share/texlive/texmf-dist/tex/latex/graphics/keyval.sty
Package: keyval 2014/10/28 v1.15 key=value parser (DPC)
\KV@toks@=\toks15
)
(/usr/share/texlive/texmf-dist/tex/latex/graphics/graphics.sty
Package: graphics 2016/10/09 v1.0u Standard LaTeX Graphics (DPC,SPQR)

(/usr/share/texlive/texmf-dist/tex/latex/graphics/trig.sty
Package: trig 2016/01/03 v1.10 sin cos tan (DPC)
)
(/usr/share/texlive/texmf-dist/tex/latex/graphics-cfg/graphics.cfg
File: graphics.cfg 2016/06/04 v1.11 sample graphics configuration
)
Package graphics Info: Driver file: pdftex.def on input line 99.

(/usr/share/texlive/texmf-dist/tex/latex/graphics-def/pdftex.def
File: pdftex.def 2017/01/12 v0.06k Graphics/color for pdfTeX

(/usr/share/texlive/texmf-dist/tex/generic/oberdiek/infwarerr.sty
Package: infwarerr 2016/05/16 v1.4 Providing info/warning/error messages (HO)
)
(/usr/share/texlive/texmf-dist/tex/generic/oberdiek/ltxcmds.sty
Package: ltxcmds 2016/05/16 v1.23 LaTeX kernel commands for general use (HO)
)
\Gread@gobject=\count92
))
\Gin@req@height=\dimen117
\Gin@req@width=\dimen118
)
(./paper.aux)
\openout1 = `paper.aux'.

LaTeX Font Info:    Checking defaults for OML/cmm/m/it on input line 5.
LaTeX Font Info:    ... okay on input line 5.
LaTeX Font Info:    Checking defaults for T1/cmr/m/n on input line 5.
LaTeX Font Info:    ... okay on input line 5.
LaTeX Font Info:    Checking defaults for OT1/cmr/m/n on input line 5.
LaTeX Font Info:    ... okay on input line 5.
LaTeX Font Info:    Checking defaults for OMS/cmsy/m/n on input line 5.
LaTeX Font Info:    ... okay on input line 5.
LaTeX Font Info:    Checking defaults for OMX/cmex/m/n on input line 5.
LaTeX Font Info:    ... okay on input line 5.
LaTeX Font Info:    Checking defaults for U/cmr/m/n on input line 5.
LaTeX Font Info:    ... okay on input line 5.

(/usr/share/texlive/texmf-dist/tex/context/base/mkii/supp-pdf.mkii
[Loading MPS to PDF converter (version 2006.09.02).]
\scratchcounter=\count93
\scratchdimen=\dimen119
\scratchbox=\box27
\nofMPsegments=\count94
\nofMParguments=\count95
\everyMPshowfont=\toks16
\MPscratchCnt=\count96
\MPscratchDim=\dimen120
\MPnumerator=\count97
\makeMPintoPDFobject=\count98
\everyMPtoPDFconversion=\toks17
) (/usr/share/texlive/texmf-dist/tex/generic/oberdiek/pdftexcmds.sty
Package: pdftexcmds 2016/05/21 v0.22 Utility functions of pdfTeX for LuaTeX (HO
)

(/usr/share/texlive/texmf-dist/tex/generic/oberdiek/ifluatex.sty
Package: ifluatex 2016/05/16 v1.4 Provides the ifluatex switch (HO)
Package ifluatex Info: LuaTeX not detected.
)
(/usr/share/texlive/texmf-dist/tex/generic/oberdiek/ifpdf.sty
Package: ifpdf 2016/05/14 v3.1 Provides the ifpdf switch
)
Package pdftexcmds Info: LuaTeX not detected.
Package pdftexcmds Info: \pdf@primitive is available.
Package pdftexcmds Info: \pdf@ifprimitive is available.
Package pdftexcmds Info: \pdfdraftmode found.
)
(/usr/share/texlive/texmf-dist/tex/latex/oberdiek/epstopdf-base.sty
Package: epstopdf-base 2016/05/15 v2.6 Base part for package epstopdf

(/usr/share/texlive/texmf-dist/tex/latex/oberdiek/grfext.sty
Package: grfext 2016/05/16 v1.2 Manage graphics extensions (HO)

(/usr/share/texlive/texmf-dist/tex/generic/oberdiek/kvdefinekeys.sty
Package: kvdefinekeys 2016/05/16 v1.4 Define keys (HO)
))
(/usr/share/texlive/texmf-dist/tex/latex/oberdiek/kvoptions.sty
Package: kvoptions 2016/05/16 v3.12 Key value format for package options (HO)

(/usr/share/texlive/texmf-dist/tex/generic/oberdiek/kvsetkeys.sty
Package: kvsetkeys 2016/05/16 v1.17 Key value parser (HO)

(/usr/share/texlive/texmf-dist/tex/generic/oberdiek/etexcmds.sty
Package: etexcmds 2016/05/16 v1.6 Avoid name clashes with e-TeX commands (HO)
Package etexcmds Info: Could not find \expanded.
(etexcmds)             That can mean that you are not using pdfTeX 1.50 or
(etexcmds)             that some package has redefined \expanded.
(etexcmds)             In the latter case, load this package earlier.
)))
Package epstopdf-base Info: Redefining graphics rule for `.eps' on input line 4
38.
Package grfext Info: Graphics extension search list:
(grfext)             [.png,.pdf,.jpg,.mps,.jpeg,.jbig2,.jb2,.PNG,.PDF,.JPG,.JPE
G,.JBIG2,.JB2,.eps]
(grfext)             \AppendGraphicsExtensions on input line 456.

(/usr/share/texlive/texmf-dist/tex/latex/latexconfig/epstopdf-sys.cfg
File: epstopdf-sys.cfg 2010/07/13 v1.3 Configuration of (r)epstopdf for TeX Liv
e
))
LaTeX Font Info:    Try loading font information for OT1+phv on input line 18.

(/usr/share/texlive/texmf-dist/tex/latex/psnfss/ot1phv.fd
File: ot1phv.fd 2001/06/04 scalable font definitions for OT1/phv.
)
LaTeX Font Info:    Font shape `OT1/phv/bx/n' in size <9> not available
(Font)              Font shape `OT1/phv/b/n' tried instead on input line 18.
LaTeX Font Info:    Calculating math sizes for size <14> on input line 18.
LaTeX Font Info:    External font `cmex10' loaded for size
(Font)              <14> on input line 18.
LaTeX Font Info:    External font `cmex10' loaded for size
(Font)              <9.79996> on input line 18.
LaTeX Font Info:    External font `cmex10' loaded for size
(Font)              <7> on input line 18.
LaTeX Font Info:    Try loading font information for U+pzd on input line 18.

(/usr/share/texlive/texmf-dist/tex/latex/psnfss/upzd.fd
File: upzd.fd 2001/06/04 font definitions for U/pzd.
)
LaTeX Font Info:    Font shape `OT1/phv/bx/n' in size <14> not available
(Font)              Font shape `OT1/phv/b/n' tried instead on input line 21.
LaTeX Font Info:    Font shape `OT1/phv/bx/sc' in size <14> not available
(Font)              Font shape `OT1/phv/b/sc' tried instead on input line 21.
LaTeX Font Info:    External font `cmex10' loaded for size
(Font)              <12> on input line 32.
LaTeX Font Info:    External font `cmex10' loaded for size
(Font)              <8> on input line 32.
LaTeX Font Info:    External font `cmex10' loaded for size
(Font)              <6> on input line 32.

Underfull \hbox (badness 2269) in paragraph at lines 31--34
\OT1/ppl/m/n/12 mu-tu-ally ex-clu-sive, mean-ing if there is a
 []


Underfull \hbox (badness 10000) in paragraph at lines 31--34

 []


Underfull \hbox (badness 3049) in paragraph at lines 35--38
\OT1/ppl/m/n/12 typ-i-cally have less of an im-pact be-cause
 []


Underfull \hbox (badness 1484) in paragraph at lines 35--38
\OT1/ppl/m/n/12 un-less there is a ma-jor prob-lem with the
 []


Underfull \hbox (badness 10000) in paragraph at lines 35--38

 []

LaTeX Font Info:    Font shape `OT1/phv/bx/n' in size <12> not available
(Font)              Font shape `OT1/phv/b/n' tried instead on input line 42.

Underfull \hbox (badness 1735) in paragraph at lines 43--47
\OT1/ppl/m/n/12 used to gather tweets and bin them into
 []


Underfull \hbox (badness 10000) in paragraph at lines 43--47
\OT1/ppl/m/n/12 cryp-tocur-ren-cies of in-ter-est. The vol-ume
 []


Underfull \hbox (badness 3000) in paragraph at lines 43--47
\OT1/ppl/m/n/12 was any-where from $\OT1/cmr/m/n/12 1\OML/cmm/m/it/12 :\OT1/cmr
/m/n/12 2\OML/cmm/m/it/12 k[]$ \OT1/ppl/m/n/12 to $\OT1/cmr/m/n/12 24\OML/cmm/m
/it/12 k[]$
 []


Underfull \hbox (badness 10000) in paragraph at lines 43--47

 []

<../Datasets/Plots/Oct9_Sen.pdf, id=1, 578.16pt x 433.62pt>
File: ../Datasets/Plots/Oct9_Sen.pdf Graphic file (type pdf)

<use ../Datasets/Plots/Oct9_Sen.pdf>
Package pdftex.def Info: ../Datasets/Plots/Oct9_Sen.pdf used on input line 54.
(pdftex.def)             Requested size: 258.0pt x 193.49953pt.

Overfull \hbox (6.0pt too wide) in paragraph at lines 54--55
 [][] 
 []

<../Datasets/Plots/Oct9_Sen_Fil.pdf, id=2, 578.16pt x 433.62pt>
File: ../Datasets/Plots/Oct9_Sen_Fil.pdf Graphic file (type pdf)

<use ../Datasets/Plots/Oct9_Sen_Fil.pdf>
Package pdftex.def Info: ../Datasets/Plots/Oct9_Sen_Fil.pdf used on input line 
63.
(pdftex.def)             Requested size: 258.0pt x 193.49953pt.

Overfull \hbox (6.0pt too wide) in paragraph at lines 63--64
 [][] 
 []


LaTeX Warning: `h' float specifier changed to `ht'.

[1{/var/lib/texmf/fonts/map/pdftex/updmap/pdftex.map}


 <../Datasets/Plots/Oct9_Sen.pdf>]
Underfull \hbox (badness 10000) in paragraph at lines 75--76

 []


Underfull \hbox (badness 3792) in paragraph at lines 77--82
\OT1/ppl/m/n/12 to have any di-rect re-la-tion-ship with the
 []


Underfull \hbox (badness 10000) in paragraph at lines 77--82

 []

<../Datasets/Plots/Oct7_K.pdf, id=20, 578.16pt x 433.62pt>
File: ../Datasets/Plots/Oct7_K.pdf Graphic file (type pdf)

<use ../Datasets/Plots/Oct7_K.pdf>
Package pdftex.def Info: ../Datasets/Plots/Oct7_K.pdf used on input line 85.
(pdftex.def)             Requested size: 258.0pt x 193.49953pt.

Overfull \hbox (6.0pt too wide) in paragraph at lines 85--86
 [][] 
 []


LaTeX Warning: `h' float specifier changed to `ht'.


Underfull \hbox (badness 1776) in paragraph at lines 90--93
\OT1/ppl/m/n/12 points in-di-cate the high-est level of sig-nal
 []


Underfull \hbox (badness 10000) in paragraph at lines 90--93

 []

<../Datasets/Plots/VectorSumk.pdf, id=21, 578.16pt x 433.62pt>
File: ../Datasets/Plots/VectorSumk.pdf Graphic file (type pdf)

<use ../Datasets/Plots/VectorSumk.pdf>
Package pdftex.def Info: ../Datasets/Plots/VectorSumk.pdf used on input line 10
0.
(pdftex.def)             Requested size: 258.0pt x 193.49953pt.

Overfull \hbox (6.0pt too wide) in paragraph at lines 100--101
 [][] 
 []

<../Datasets/Plots/Oct7_CostSen.pdf, id=22, 578.16pt x 433.62pt>
File: ../Datasets/Plots/Oct7_CostSen.pdf Graphic file (type pdf)

<use ../Datasets/Plots/Oct7_CostSen.pdf>
Package pdftex.def Info: ../Datasets/Plots/Oct7_CostSen.pdf used on input line 
111.
(pdftex.def)             Requested size: 258.0pt x 193.49953pt.

Overfull \hbox (6.0pt too wide) in paragraph at lines 111--112
 [][] 
 []


LaTeX Warning: `h' float specifier changed to `ht'.

[2 <../Datasets/Plots/Oct9_Sen_Fil.pdf> <../Datasets/Plots/Oct7_K.pdf> <../Data
sets/Plots/VectorSumk.pdf>]
Underfull \hbox (badness 4595) in paragraph at lines 142--143
[]\OT1/ppl/m/n/12 Threshold for buy/sell trig-gers, what
 []


Underfull \hbox (badness 3417) in paragraph at lines 158--166
\OT1/ppl/m/n/12 The crypto cur-rency land-scape is rapidly
 []


Underfull \hbox (badness 10000) in paragraph at lines 158--166
\OT1/ppl/m/n/12 chang-ing, as newly opened ex-changes
 []


Underfull \hbox (badness 5302) in paragraph at lines 158--166
\OT1/ppl/m/n/12 have fa-cil-i-tated ac-cess in the in-vest-ment
 []


Underfull \hbox (badness 10000) in paragraph at lines 158--166

 []

<../Datasets/Plots/TweetVolume.pdf, id=37, 578.16pt x 433.62pt>
File: ../Datasets/Plots/TweetVolume.pdf Graphic file (type pdf)

<use ../Datasets/Plots/TweetVolume.pdf>
Package pdftex.def Info: ../Datasets/Plots/TweetVolume.pdf used on input line 1
77.
(pdftex.def)             Requested size: 258.0pt x 193.49953pt.

Overfull \hbox (6.0pt too wide) in paragraph at lines 177--178
 [][] 
 []


LaTeX Warning: `!h' float specifier changed to `!ht'.

<../Datasets/Plots/Dec23.pdf, id=38, 578.16pt x 433.62pt>
File: ../Datasets/Plots/Dec23.pdf Graphic file (type pdf)

<use ../Datasets/Plots/Dec23.pdf>
Package pdftex.def Info: ../Datasets/Plots/Dec23.pdf used on input line 186.
(pdftex.def)             Requested size: 258.0pt x 193.49953pt.

Overfull \hbox (6.0pt too wide) in paragraph at lines 186--187
 [][] 
 []

[3 <../Datasets/Plots/Oct7_CostSen.pdf>]
<../Datasets/Plots/Dec26.pdf, id=46, 578.16pt x 433.62pt>
File: ../Datasets/Plots/Dec26.pdf Graphic file (type pdf)

<use ../Datasets/Plots/Dec26.pdf>
Package pdftex.def Info: ../Datasets/Plots/Dec26.pdf used on input line 193.
(pdftex.def)             Requested size: 258.0pt x 193.49953pt.

Overfull \hbox (6.0pt too wide) in paragraph at lines 193--194
 [][] 
 []


LaTeX Warning: `!h' float specifier changed to `!ht'.

<../Datasets/Plots/Dec21-23.pdf, id=47, 578.16pt x 433.62pt>
File: ../Datasets/Plots/Dec21-23.pdf Graphic file (type pdf)

<use ../Datasets/Plots/Dec21-23.pdf>
Package pdftex.def Info: ../Datasets/Plots/Dec21-23.pdf used on input line 200.

(pdftex.def)             Requested size: 412.80157pt x 309.59926pt.


LaTeX Warning: `!h' float specifier changed to `!ht'.

<../Datasets/Plots/Dec4-8.pdf, id=48, 578.16pt x 433.62pt>
File: ../Datasets/Plots/Dec4-8.pdf Graphic file (type pdf)

<use ../Datasets/Plots/Dec4-8.pdf>
Package pdftex.def Info: ../Datasets/Plots/Dec4-8.pdf used on input line 207.
(pdftex.def)             Requested size: 412.80157pt x 309.59926pt.


LaTeX Warning: `!h' float specifier changed to `!ht'.

[4 <../Datasets/Plots/TweetVolume.pdf> <../Datasets/Plots/Dec23.pdf> <../Datase
ts/Plots/Dec26.pdf>] [5 <../Datasets/Plots/Dec21-23.pdf> <../Datasets/Plots/Dec
4-8.pdf>] (./paper.aux) ) 
Here is how much of TeX's memory you used:
 2341 strings out of 493013
 37801 string characters out of 6135682
 98706 words of memory out of 5000000
 5856 multiletter control sequences out of 15000+600000
 42141 words of font info for 89 fonts, out of 8000000 for 9000
 1141 hyphenation exceptions out of 8191
 39i,6n,25p,247b,268s stack positions out of 5000i,500n,10000p,200000b,80000s
{/usr/share/texlive/texmf-dist/fonts/enc/dvips/base/8r
.enc}</usr/share/texlive/texmf-dist/fonts/type1/public/amsfonts/cm/cmex10.pfb><
/usr/share/texlive/texmf-dist/fonts/type1/public/amsfonts/cm/cmmi12.pfb></usr/s
hare/texlive/texmf-dist/fonts/type1/public/amsfonts/cm/cmmi8.pfb></usr/share/te
xlive/texmf-dist/fonts/type1/public/amsfonts/cm/cmr12.pfb></usr/share/texlive/t
exmf-dist/fonts/type1/public/amsfonts/cm/cmr8.pfb></usr/share/texlive/texmf-dis
t/fonts/type1/public/amsfonts/cm/cmsy10.pfb></usr/share/texlive/texmf-dist/font
s/type1/public/amsfonts/cm/cmsy8.pfb></usr/share/texlive/texmf-dist/fonts/type1
/urw/helvetic/uhvb8a.pfb></usr/share/texlive/texmf-dist/fonts/type1/urw/helveti
c/uhvr8a.pfb></usr/share/texlive/texmf-dist/fonts/type1/urw/palatino/uplr8a.pfb
></usr/share/texlive/texmf-dist/fonts/type1/urw/palatino/uplri8a.pfb></usr/shar
e/texlive/texmf-dist/fonts/type1/urw/zapfding/uzdr.pfb>
Output written on paper.pdf (5 pages, 837608 bytes).
PDF statistics:
 109 PDF objects out of 1000 (max. 8388607)
 79 compressed objects within 1 object stream
 0 named destinations out of 1000 (max. 500000)
 51 words of extra memory for PDF output out of 10000 (max. 10000000)

